<?xml version="1.0" encoding="UTF-8"?>
<!-- Generated by org.testng.reporters.JUnitReportReporter -->
<testsuite hostname="user2-PC" name="com.techo2.projectx.testsuite.cases.LoginTest" tests="1" failures="0" timestamp="13 Mar 2017 07:11:48 GMT" time="30.913" errors="0">
  <testcase name="loginwithcredentials" time="30.913" classname="com.techo2.projectx.testsuite.cases.LoginTest"/>
</testsuite> <!-- com.techo2.projectx.testsuite.cases.LoginTest -->
