<?xml version="1.0" encoding="UTF-8"?>
<!-- Generated by org.testng.reporters.JUnitReportReporter -->
<testsuite hostname="user2-PC" name="com.techo2.skiptaneo.testsuite.cases.LoginTest" tests="1" failures="0" timestamp="6 Mar 2017 13:23:11 GMT" time="15.942" errors="0">
  <testcase name="loginwithcredentials" time="15.942" classname="com.techo2.skiptaneo.testsuite.cases.LoginTest"/>
</testsuite> <!-- com.techo2.skiptaneo.testsuite.cases.LoginTest -->
