<?xml version="1.0" encoding="UTF-8"?>
<!-- Generated by org.testng.reporters.JUnitReportReporter -->
<testsuite hostname="user2-PC" name="com.techo2.projectx.testsuite.cases.LoginTest" tests="1" failures="0" timestamp="9 Mar 2017 10:24:24 GMT" time="16.758" errors="0">
  <testcase name="loginwithcredentials" time="16.758" classname="com.techo2.projectx.testsuite.cases.LoginTest"/>
</testsuite> <!-- com.techo2.projectx.testsuite.cases.LoginTest -->
