<?xml version="1.0" encoding="UTF-8"?>
<!-- Generated by org.testng.reporters.JUnitReportReporter -->
<testsuite hostname="user2-PC" name="com.techo2.projectx.testsuite.cases.LoginTest" tests="1" failures="0" timestamp="9 Mar 2017 10:23:12 GMT" time="17.176" errors="0">
  <testcase name="loginwithcredentials" time="17.176" classname="com.techo2.projectx.testsuite.cases.LoginTest"/>
</testsuite> <!-- com.techo2.projectx.testsuite.cases.LoginTest -->
