<?xml version="1.0" encoding="UTF-8"?>
<!-- Generated by org.testng.reporters.JUnitReportReporter -->
<testsuite hostname="user2-PC" name="com.techo2.projectx.testsuite.cases.LoginTest" tests="1" failures="0" timestamp="10 Mar 2017 12:43:51 GMT" time="16.849" errors="0">
  <testcase name="loginwithcredentials" time="16.849" classname="com.techo2.projectx.testsuite.cases.LoginTest"/>
</testsuite> <!-- com.techo2.projectx.testsuite.cases.LoginTest -->
